

*******************************************************************************
Tue May 15 10:48:39 2018


FIT:    data read from '../../scaling.dat'
        format = z
        #datapoints = 9
        residuals are weighted equally (unit weight)

function used for fitting: f(x)
	f(x) = a - x*x*log(x)*b + x*x*c
fitted parameters initialized with current variable values

iter      chisq       delta/lim  lambda   a             b             c            
   0 8.7047561939e-01  0.00e+00 3.27e-02 -5.077327e-02  2.081303e-01  1.000000e+00
   5 1.5631148220e-05 -2.01e-07 3.27e-07  2.813983e-01  2.606372e-01 -5.611671e-01

After 5 iterations the fit converged.
final sum of squares of residuals : 1.56311e-005
rel. change during last iteration : -2.0052e-012

degrees of freedom    (FIT_NDF)                        : 6
rms of residuals      (FIT_STDFIT) = sqrt(WSSR/ndf)    : 0.00161406
variance of residuals (reduced chisquare) = WSSR/ndf   : 2.60519e-006

Final set of parameters            Asymptotic Standard Error
=======================            ==========================
a               = 0.281398         +/- 0.001477     (0.5247%)
b               = 0.260637         +/- 0.1708       (65.53%)
c               = -0.561167        +/- 0.2273       (40.5%)

correlation matrix of the fit parameters:
                a      b      c      
a               1.000 
b              -0.880  1.000 
c               0.834 -0.992  1.000 


*******************************************************************************
Tue May 15 10:50:34 2018


FIT:    data read from '../../scaling.dat'
        format = z
        #datapoints = 9
        residuals are weighted equally (unit weight)

function used for fitting: f(x)
	f(x) = a - x*x*log(x)*b + x*x*c
fitted parameters initialized with current variable values

iter      chisq       delta/lim  lambda   a             b             c            
   0 7.0360988707e-01  0.00e+00 1.63e-01  2.813983e-01  2.606372e-01 -5.611671e-01
   5 2.8978387043e-01 -2.14e-01 1.63e-06  6.968269e-02  3.901372e+01 -4.705473e+01

After 5 iterations the fit converged.
final sum of squares of residuals : 0.289784
rel. change during last iteration : -2.14155e-006

degrees of freedom    (FIT_NDF)                        : 6
rms of residuals      (FIT_STDFIT) = sqrt(WSSR/ndf)    : 0.219766
variance of residuals (reduced chisquare) = WSSR/ndf   : 0.0482973

Final set of parameters            Asymptotic Standard Error
=======================            ==========================
a               = 0.0696827        +/- 0.201        (288.5%)
b               = 39.0137          +/- 23.25        (59.6%)
c               = -47.0547         +/- 30.95        (65.77%)

correlation matrix of the fit parameters:
                a      b      c      
a               1.000 
b              -0.880  1.000 
c               0.834 -0.992  1.000 


*******************************************************************************
Tue May 15 10:59:50 2018


FIT:    data read from '../../scaling.dat' using 1:3
        format = x:z
        #datapoints = 9
        residuals are weighted equally (unit weight)

function used for fitting: f(x)
	f(x) = a - x*x*log(x)*b + x*x*c
fitted parameters initialized with current variable values

iter      chisq       delta/lim  lambda   a             b             c            
   0 3.8962108497e+00  0.00e+00 1.06e+00  6.968269e-02  3.901372e+01 -4.705473e+01
   6 4.5058592800e-09  0.00e+00 1.06e+01 -2.103919e-01  5.986798e-02  9.189717e-02

After 6 iterations the fit converged.
final sum of squares of residuals : 4.50586e-009
rel. change during last iteration : 0

degrees of freedom    (FIT_NDF)                        : 6
rms of residuals      (FIT_STDFIT) = sqrt(WSSR/ndf)    : 2.7404e-005
variance of residuals (reduced chisquare) = WSSR/ndf   : 7.50977e-010

Final set of parameters            Asymptotic Standard Error
=======================            ==========================
a               = -0.210392        +/- 2.507e-005   (0.01192%)
b               = 0.059868         +/- 0.0029       (4.843%)
c               = 0.0918972        +/- 0.003859     (4.199%)

correlation matrix of the fit parameters:
                a      b      c      
a               1.000 
b              -0.880  1.000 
c               0.834 -0.992  1.000 


*******************************************************************************
Tue May 15 11:00:25 2018


FIT:    data read from '../../scaling.dat' using 1:2
        format = x:z
        #datapoints = 9
        residuals are weighted equally (unit weight)

function used for fitting: f(x)
	f(x) = a - x*x*log(x)*b + x*x*c
fitted parameters initialized with current variable values

iter      chisq       delta/lim  lambda   a             b             c            
   0 1.4878834052e+00  0.00e+00 1.21e-01 -2.103919e-01  5.986798e-02  9.189717e-02
   5 4.5865705133e-05 -1.41e-02 1.21e-06  2.019025e-01 -4.833205e-02 -8.775188e-02

After 5 iterations the fit converged.
final sum of squares of residuals : 4.58657e-005
rel. change during last iteration : -1.41101e-007

degrees of freedom    (FIT_NDF)                        : 6
rms of residuals      (FIT_STDFIT) = sqrt(WSSR/ndf)    : 0.00276483
variance of residuals (reduced chisquare) = WSSR/ndf   : 7.64428e-006

Final set of parameters            Asymptotic Standard Error
=======================            ==========================
a               = 0.201903         +/- 0.002529     (1.253%)
b               = -0.0483321       +/- 0.2925       (605.3%)
c               = -0.0877519       +/- 0.3893       (443.7%)

correlation matrix of the fit parameters:
                a      b      c      
a               1.000 
b              -0.880  1.000 
c               0.834 -0.992  1.000 


*******************************************************************************
Tue May 15 11:07:02 2018


FIT:    data read from '../../scaling.dat' using 1:2
        format = x:z
        #datapoints = 9
        residuals are weighted equally (unit weight)

function used for fitting: f(x)
	f(x) = a - x*x*log(x)*b + x*x*c
fitted parameters initialized with current variable values

iter      chisq       delta/lim  lambda   a             b             c            
   0 7.7474327877e-02  0.00e+00 1.17e-01  2.019025e-01 -4.833205e-02 -8.775188e-02
   6 3.8753532665e-05 -3.04e-04 1.17e-07  1.132747e-01 -5.023792e-01  4.683114e-01

After 6 iterations the fit converged.
final sum of squares of residuals : 3.87535e-005
rel. change during last iteration : -3.03612e-009

degrees of freedom    (FIT_NDF)                        : 6
rms of residuals      (FIT_STDFIT) = sqrt(WSSR/ndf)    : 0.00254144
variance of residuals (reduced chisquare) = WSSR/ndf   : 6.45892e-006

Final set of parameters            Asymptotic Standard Error
=======================            ==========================
a               = 0.113275         +/- 0.002325     (2.052%)
b               = -0.502379        +/- 0.2689       (53.53%)
c               = 0.468311         +/- 0.3579       (76.42%)

correlation matrix of the fit parameters:
                a      b      c      
a               1.000 
b              -0.880  1.000 
c               0.834 -0.992  1.000 


*******************************************************************************
Tue May 15 11:09:14 2018


FIT:    data read from '../../scaling.dat' using 1:(-$3)
        format = x:z
        #datapoints = 9
        residuals are weighted equally (unit weight)

function used for fitting: g(x)
	g(x) = a - b*x*x*log(x) + c*x*x* - 4*d*x
fitted parameters initialized with current variable values

iter      chisq       delta/lim  lambda   a             b             c             d            
   0 6.2449747062e-03  0.00e+00 5.79e-02  1.132747e-01 -5.023792e-01  4.683114e-01  1.000000e+00
  22 8.4497970631e-06 -6.90e-01 5.79e-04  1.174704e-01 -1.369268e-01 -1.141878e-03 -2.438287e-03

After 22 iterations the fit converged.
final sum of squares of residuals : 8.4498e-006
rel. change during last iteration : -6.8992e-006

degrees of freedom    (FIT_NDF)                        : 5
rms of residuals      (FIT_STDFIT) = sqrt(WSSR/ndf)    : 0.00129998
variance of residuals (reduced chisquare) = WSSR/ndf   : 1.68996e-006

Final set of parameters            Asymptotic Standard Error
=======================            ==========================
a               = 0.11747          +/- 0.001598     (1.36%)
b               = -0.136927        +/- 0.06944      (50.72%)
c               = -0.00114188      +/- 5.562e+016   (4.871e+021%)
d               = -0.00243829      +/- 1.188e+017   (4.871e+021%)

correlation matrix of the fit parameters:
                a      b      c      d      
a               1.000 
b              -0.754  1.000 
c              -0.799  0.373  1.000 
d               0.799 -0.373 -1.000  1.000 


*******************************************************************************
Tue May 15 11:10:48 2018


FIT:    data read from '../../scaling.dat'
        format = z
        #datapoints = 9
        residuals are weighted equally (unit weight)

function used for fitting: f(x)
	f(x) = a - x*x*log(x)*b + x*x*c
fitted parameters initialized with current variable values

iter      chisq       delta/lim  lambda   a             b             c            
   0 5.1433841582e-04  0.00e+00 6.79e-02  1.174704e-01 -1.369268e-01 -1.141878e-03
   7 3.8753532665e-05 -2.29e-01 6.79e-09  1.132747e-01 -5.023792e-01  4.683113e-01

After 7 iterations the fit converged.
final sum of squares of residuals : 3.87535e-005
rel. change during last iteration : -2.29211e-006

degrees of freedom    (FIT_NDF)                        : 6
rms of residuals      (FIT_STDFIT) = sqrt(WSSR/ndf)    : 0.00254144
variance of residuals (reduced chisquare) = WSSR/ndf   : 6.45892e-006

Final set of parameters            Asymptotic Standard Error
=======================            ==========================
a               = 0.113275         +/- 0.002325     (2.052%)
b               = -0.502379        +/- 0.2689       (53.53%)
c               = 0.468311         +/- 0.3579       (76.42%)

correlation matrix of the fit parameters:
                a      b      c      
a               1.000 
b              -0.880  1.000 
c               0.834 -0.992  1.000 


*******************************************************************************
Tue May 15 11:11:39 2018


FIT:    data read from '../../scaling.dat' using 1:(-$3)
        format = x:z
        #datapoints = 9
        residuals are weighted equally (unit weight)

function used for fitting: g(x)
	g(x) = e - f*x*x*log(x) + g*x*x* - 4*h*x
fitted parameters initialized with current variable values

iter      chisq       delta/lim  lambda   e             f             g             h            
   0 7.3417700339e+00  0.00e+00 5.01e-01  1.000000e+00  1.000000e+00  1.000000e+00  1.000000e+00
  10 8.4497109877e-06 -2.09e-01 5.01e-04  1.174704e-01 -1.369289e-01 -2.908214e-04 -2.908214e-04

After 10 iterations the fit converged.
final sum of squares of residuals : 8.44971e-006
rel. change during last iteration : -2.09382e-006

degrees of freedom    (FIT_NDF)                        : 5
rms of residuals      (FIT_STDFIT) = sqrt(WSSR/ndf)    : 0.00129998
variance of residuals (reduced chisquare) = WSSR/ndf   : 1.68994e-006

Final set of parameters            Asymptotic Standard Error
=======================            ==========================
e               = 0.11747          +/- 0.001061     (0.9036%)
f               = -0.136929        +/- 0.1087       (79.38%)
g               = -0.000290821     +/- 1.28e+018    (4.402e+023%)
h               = -0.000290821     +/- 1.28e+018    (4.402e+023%)

correlation matrix of the fit parameters:
                e      f      g      h      
e               1.000 
f              -0.200  1.000 
g               0.511  0.638  1.000 
h              -0.511 -0.638 -1.000  1.000 
